<?xml version="1.0" encoding="UTF-8"?>
<!-- Generated by org.testng.reporters.JUnitReportReporter -->
<testsuite skipped="0" hostname="Irfan-dv6" name="com.Visual.ly.testCases.TC_CreateQuote_101" tests="3" failures="0" timestamp="20 Jan 2020 10:47:25 GMT" time="57.335" errors="0">
  <testcase name="createQuote" time="25.435" classname="com.Visual.ly.testCases.TC_CreateQuote_101"/>
  <testcase name="createQuote" time="16.025" classname="com.Visual.ly.testCases.TC_CreateQuote_101"/>
  <testcase name="createQuote" time="15.875" classname="com.Visual.ly.testCases.TC_CreateQuote_101"/>
</testsuite> <!-- com.Visual.ly.testCases.TC_CreateQuote_101 -->
